<?xml version="1.0" encoding="UTF-8" ?>
<testsuite errors="0" failures="4" hostname="mark-To-be-filled-by-O-E-M" name="restoran.jelo.TortiljaChipsTest" skipped="0" tests="6" time="0.075" timestamp="2020-01-12T15:08:59">
  <properties>
[...]
</properties>
  <testcase classname="restoran.jelo.TortiljaChipsTest" name="testLjutine_chips_BlagiSos_TortiljaBlaga" time="0.001" />
  <testcase classname="restoran.jelo.TortiljaChipsTest" name="testLjutine_chips_BlagiSos_TortiljaLjuta" time="0.005">
    <failure message="expected:&lt;false&gt; but was:&lt;true&gt;" type="junit.framework.AssertionFailedError">junit.framework.AssertionFailedError: expected:&lt;false&gt; but was:&lt;true&gt;
	at restoran.jelo.TortiljaChipsTest.testLjutine_chips_BlagiSos_TortiljaLjuta(TortiljaChipsTest.java:87)
</failure>
  </testcase>
  <testcase classname="restoran.jelo.TortiljaChipsTest" name="testCene" time="0.0" />
  <testcase classname="restoran.jelo.TortiljaChipsTest" name="testLjutine" time="0.001">
    <failure message="expected:&lt;false&gt; but was:&lt;true&gt;" type="junit.framework.AssertionFailedError">junit.framework.AssertionFailedError: expected:&lt;false&gt; but was:&lt;true&gt;
	at restoran.jelo.TortiljaChipsTest.testLjutine(TortiljaChipsTest.java:101)
</failure>
  </testcase>
  <testcase classname="restoran.jelo.TortiljaChipsTest" name="testLjutine_chips_LjutiSos_TortiljaBlaga" time="0.002">
    <failure message="expected:&lt;false&gt; but was:&lt;true&gt;" type="junit.framework.AssertionFailedError">junit.framework.AssertionFailedError: expected:&lt;false&gt; but was:&lt;true&gt;
	at restoran.jelo.TortiljaChipsTest.testLjutine_chips_LjutiSos_TortiljaBlaga(TortiljaChipsTest.java:91)
</failure>
  </testcase>
  <testcase classname="restoran.jelo.TortiljaChipsTest" name="testLjutine_chips_LjutiSos_TortiljaLjuta" time="0.002">
    <failure message="expected:&lt;false&gt; but was:&lt;true&gt;" type="junit.framework.AssertionFailedError">junit.framework.AssertionFailedError: expected:&lt;false&gt; but was:&lt;true&gt;
	at restoran.jelo.TortiljaChipsTest.testLjutine_chips_LjutiSos_TortiljaLjuta(TortiljaChipsTest.java:95)
</failure>
  </testcase>
  <system-out><![CDATA[]]></system-out>
  <system-err><![CDATA[]]></system-err>
</testsuite>
